2026-06-06 11:03:14.887: [INFO] VisibilityChanged: 0
2026-06-06 11:03:14.934: [INFO] RecordSyncInitDuration has_sync_been_enabled: 0 state: 0
2026-06-06 11:03:14.937: [INFO] RecordSyncInitDuration has_sync_been_enabled: 0 state: 0
2026-06-06 11:03:14.939: [INFO] RecordSyncInitDuration has_sync_been_enabled: 0 state: 0
2026-06-06 11:03:14.940: [INFO] RecordSyncInitDuration has_sync_been_enabled: 0 state: 0
2026-06-06 11:03:14.942: [INFO] RecordSyncInitDuration has_sync_been_enabled: 0 state: 0
2026-06-06 11:03:14.943: [INFO] RecordSyncInitDuration has_sync_been_enabled: 0 state: 0
2026-06-06 11:03:14.944: [INFO] RecordSyncInitDuration has_sync_been_enabled: 0 state: 0
2026-06-06 11:03:14.946: [INFO] RecordSyncInitDuration has_sync_been_enabled: 0 state: 0
2026-06-06 11:03:14.947: [INFO] RecordSyncInitDuration has_sync_been_enabled: 0 state: 0
2026-06-06 11:03:14.949: [INFO] RecordSyncInitDuration has_sync_been_enabled: 0 state: 0
2026-06-06 11:03:14.950: [INFO] RecordSyncInitDuration has_sync_been_enabled: 0 state: 0
2026-06-06 11:03:15.092: [INFO] BookmarkModelLoaded, ids_reassigned: 0
2026-06-06 11:03:15.092: [INFO] OnDoneLoading sync enabled: 0
2026-06-06 11:03:17.527: [INFO] RecordSyncInitDuration has_sync_been_enabled: 0 state: 0
2026-06-06 11:03:30.579: [INFO] RecordSyncInitDuration has_sync_been_enabled: 0 state: 0
2026-06-06 11:03:30.588: [INFO] RecordSyncInitDuration has_sync_been_enabled: 0 state: 0
2026-06-06 11:03:30.971: [INFO] Primary account changed.
2026-06-06 11:03:30.971: [INFO] OnPrimaryAccountChanged PrimaryAccountChangeEvent::Type::kSet
2026-06-06 11:03:30.977: [INFO] RecordSyncInitDuration has_sync_been_enabled: 0 state: 0
2026-06-06 11:03:30.979: [INFO] RecordSyncInitDuration has_sync_been_enabled: 0 state: 0
